time="2022-08-05T18:24:11+03:00" level=info msg="я ебу собак" func="%s()main.main" file="%s%dapp.goC:/Users/Иван/GolandProjects/restapi/cmd/main/app.go"
time="2022-08-05T18:24:11+03:00" level=info msg="read app config" func="%s()restapi/cmd/iternal/config.GetConfig.func1" file="%s%dconfig.goC:/Users/Иван/GolandProjects/restapi/cmd/iternal/config/config.go"
time="2022-08-05T18:24:11+03:00" level=info msg="create user" func="%s()restapi/cmd/iternal/user/db.db.Create" file="%s%dmongodb.goC:/Users/Иван/GolandProjects/restapi/cmd/iternal/user/db/mongodb.go"
time="2022-08-05T18:24:11+03:00" level=debug msg="convert insertID" func="%s()restapi/cmd/iternal/user/db.db.Create" file="%s%dmongodb.goC:/Users/Иван/GolandProjects/restapi/cmd/iternal/user/db/mongodb.go"
time="2022-08-05T18:24:11+03:00" level=info msg=62ed361be7be155a95c6717e func="%s()main.main" file="%s%dapp.goC:/Users/Иван/GolandProjects/restapi/cmd/main/app.go"
time="2022-08-05T18:24:11+03:00" level=info msg="create user" func="%s()restapi/cmd/iternal/user/db.db.Create" file="%s%dmongodb.goC:/Users/Иван/GolandProjects/restapi/cmd/iternal/user/db/mongodb.go"
time="2022-08-05T18:24:11+03:00" level=debug msg="convert insertID" func="%s()restapi/cmd/iternal/user/db.db.Create" file="%s%dmongodb.goC:/Users/Иван/GolandProjects/restapi/cmd/iternal/user/db/mongodb.go"
time="2022-08-05T18:24:11+03:00" level=info msg=62ed361be7be155a95c6717f func="%s()main.main" file="%s%dapp.goC:/Users/Иван/GolandProjects/restapi/cmd/main/app.go"
time="2022-08-05T18:45:46+03:00" level=info msg="я ебу собак" func="%s()main.main" file="%s%dapp.goC:/Users/Иван/GolandProjects/restapi/cmd/main/app.go"
time="2022-08-05T18:45:46+03:00" level=info msg="read app config" func="%s()restapi/cmd/iternal/config.GetConfig.func1" file="%s%dconfig.goC:/Users/Иван/GolandProjects/restapi/cmd/iternal/config/config.go"
time="2022-08-05T18:45:46+03:00" level=info msg="create user" func="%s()restapi/cmd/iternal/user/db.db.Create" file="%s%dmongodb.goC:/Users/Иван/GolandProjects/restapi/cmd/iternal/user/db/mongodb.go"
time="2022-08-05T18:45:46+03:00" level=debug msg="convert insertID" func="%s()restapi/cmd/iternal/user/db.db.Create" file="%s%dmongodb.goC:/Users/Иван/GolandProjects/restapi/cmd/iternal/user/db/mongodb.go"
time="2022-08-05T18:45:46+03:00" level=info msg=62ed3b2a4a5830693bb30d3d func="%s()main.main" file="%s%dapp.goC:/Users/Иван/GolandProjects/restapi/cmd/main/app.go"
time="2022-08-05T18:45:46+03:00" level=info msg="create user" func="%s()restapi/cmd/iternal/user/db.db.Create" file="%s%dmongodb.goC:/Users/Иван/GolandProjects/restapi/cmd/iternal/user/db/mongodb.go"
time="2022-08-05T18:45:46+03:00" level=debug msg="convert insertID" func="%s()restapi/cmd/iternal/user/db.db.Create" file="%s%dmongodb.goC:/Users/Иван/GolandProjects/restapi/cmd/iternal/user/db/mongodb.go"
time="2022-08-05T18:45:46+03:00" level=info msg=62ed3b2a4a5830693bb30d3e func="%s()main.main" file="%s%dapp.goC:/Users/Иван/GolandProjects/restapi/cmd/main/app.go"
time="2022-08-05T18:46:46+03:00" level=info msg="я ебу собак" func="%s()main.main" file="%s%dapp.goC:/Users/Иван/GolandProjects/restapi/cmd/main/app.go"
time="2022-08-05T18:46:46+03:00" level=info msg="read app config" func="%s()restapi/cmd/iternal/config.GetConfig.func1" file="%s%dconfig.goC:/Users/Иван/GolandProjects/restapi/cmd/iternal/config/config.go"
time="2022-08-05T18:46:47+03:00" level=info msg="create user" func="%s()restapi/cmd/iternal/user/db.db.Create" file="%s%dmongodb.goC:/Users/Иван/GolandProjects/restapi/cmd/iternal/user/db/mongodb.go"
time="2022-08-05T18:46:47+03:00" level=debug msg="convert insertID" func="%s()restapi/cmd/iternal/user/db.db.Create" file="%s%dmongodb.goC:/Users/Иван/GolandProjects/restapi/cmd/iternal/user/db/mongodb.go"
time="2022-08-05T18:46:47+03:00" level=info msg=62ed3b672a9e64b59ad568dc func="%s()main.main" file="%s%dapp.goC:/Users/Иван/GolandProjects/restapi/cmd/main/app.go"
time="2022-08-05T18:46:47+03:00" level=info msg="create user" func="%s()restapi/cmd/iternal/user/db.db.Create" file="%s%dmongodb.goC:/Users/Иван/GolandProjects/restapi/cmd/iternal/user/db/mongodb.go"
time="2022-08-05T18:46:47+03:00" level=debug msg="convert insertID" func="%s()restapi/cmd/iternal/user/db.db.Create" file="%s%dmongodb.goC:/Users/Иван/GolandProjects/restapi/cmd/iternal/user/db/mongodb.go"
time="2022-08-05T18:46:47+03:00" level=info msg=62ed3b672a9e64b59ad568dd func="%s()main.main" file="%s%dapp.goC:/Users/Иван/GolandProjects/restapi/cmd/main/app.go"
time="2022-08-05T18:52:35+03:00" level=info msg="я ебу собак" func="%s()main.main" file="%s%dapp.goC:/Users/Иван/GolandProjects/restapi/cmd/main/app.go"
time="2022-08-05T18:52:35+03:00" level=info msg="read app config" func="%s()restapi/cmd/iternal/config.GetConfig.func1" file="%s%dconfig.goC:/Users/Иван/GolandProjects/restapi/cmd/iternal/config/config.go"
time="2022-08-05T18:52:36+03:00" level=info msg="create user" func="%s()restapi/cmd/iternal/user/db.db.Create" file="%s%dmongodb.goC:/Users/Иван/GolandProjects/restapi/cmd/iternal/user/db/mongodb.go"
time="2022-08-05T18:52:36+03:00" level=debug msg="convert insertID" func="%s()restapi/cmd/iternal/user/db.db.Create" file="%s%dmongodb.goC:/Users/Иван/GolandProjects/restapi/cmd/iternal/user/db/mongodb.go"
time="2022-08-05T18:52:36+03:00" level=info msg=62ed3cc4a2236dd57de4fcf4 func="%s()main.main" file="%s%dapp.goC:/Users/Иван/GolandProjects/restapi/cmd/main/app.go"
time="2022-08-05T18:54:27+03:00" level=info msg="я ебу собак" func="%s()main.main" file="%s%dapp.goC:/Users/Иван/GolandProjects/restapi/cmd/main/app.go"
time="2022-08-05T18:54:27+03:00" level=info msg="read app config" func="%s()restapi/cmd/iternal/config.GetConfig.func1" file="%s%dconfig.goC:/Users/Иван/GolandProjects/restapi/cmd/iternal/config/config.go"
time="2022-08-05T18:54:28+03:00" level=info msg="create user" func="%s()restapi/cmd/iternal/user/db.db.Create" file="%s%dmongodb.goC:/Users/Иван/GolandProjects/restapi/cmd/iternal/user/db/mongodb.go"
time="2022-08-05T18:54:28+03:00" level=debug msg="convert insertID" func="%s()restapi/cmd/iternal/user/db.db.Create" file="%s%dmongodb.goC:/Users/Иван/GolandProjects/restapi/cmd/iternal/user/db/mongodb.go"
time="2022-08-05T18:54:28+03:00" level=info msg=62ed3d345786f7c76b03f21b func="%s()main.main" file="%s%dapp.goC:/Users/Иван/GolandProjects/restapi/cmd/main/app.go"
time="2022-08-05T18:55:12+03:00" level=info msg="я ебу собак" func="%s()main.main" file="%s%dapp.goC:/Users/Иван/GolandProjects/restapi/cmd/main/app.go"
time="2022-08-05T18:55:12+03:00" level=info msg="read app config" func="%s()restapi/cmd/iternal/config.GetConfig.func1" file="%s%dconfig.goC:/Users/Иван/GolandProjects/restapi/cmd/iternal/config/config.go"
time="2022-08-05T18:55:13+03:00" level=info msg="create user" func="%s()restapi/cmd/iternal/user/db.db.Create" file="%s%dmongodb.goC:/Users/Иван/GolandProjects/restapi/cmd/iternal/user/db/mongodb.go"
time="2022-08-05T18:55:13+03:00" level=debug msg="convert insertID" func="%s()restapi/cmd/iternal/user/db.db.Create" file="%s%dmongodb.goC:/Users/Иван/GolandProjects/restapi/cmd/iternal/user/db/mongodb.go"
time="2022-08-05T18:55:13+03:00" level=info msg=62ed3d61cf952c6b4b16c6d3 func="%s()main.main" file="%s%dapp.goC:/Users/Иван/GolandProjects/restapi/cmd/main/app.go"
time="2022-08-05T18:56:26+03:00" level=info msg="я ебу собак" func="%s()main.main" file="%s%dapp.goC:/Users/Иван/GolandProjects/restapi/cmd/main/app.go"
time="2022-08-05T18:56:26+03:00" level=info msg="read app config" func="%s()restapi/cmd/iternal/config.GetConfig.func1" file="%s%dconfig.goC:/Users/Иван/GolandProjects/restapi/cmd/iternal/config/config.go"
time="2022-08-05T18:56:27+03:00" level=info msg="create user" func="%s()restapi/cmd/iternal/user/db.db.Create" file="%s%dmongodb.goC:/Users/Иван/GolandProjects/restapi/cmd/iternal/user/db/mongodb.go"
time="2022-08-05T18:56:27+03:00" level=debug msg="convert insertID" func="%s()restapi/cmd/iternal/user/db.db.Create" file="%s%dmongodb.goC:/Users/Иван/GolandProjects/restapi/cmd/iternal/user/db/mongodb.go"
time="2022-08-05T18:56:27+03:00" level=info msg=62ed3dabf683f1b431f5de5a func="%s()main.main" file="%s%dapp.goC:/Users/Иван/GolandProjects/restapi/cmd/main/app.go"
time="2022-08-05T18:56:27+03:00" level=info msg="create user" func="%s()restapi/cmd/iternal/user/db.db.Create" file="%s%dmongodb.goC:/Users/Иван/GolandProjects/restapi/cmd/iternal/user/db/mongodb.go"
time="2022-08-05T18:56:27+03:00" level=debug msg="convert insertID" func="%s()restapi/cmd/iternal/user/db.db.Create" file="%s%dmongodb.goC:/Users/Иван/GolandProjects/restapi/cmd/iternal/user/db/mongodb.go"
time="2022-08-05T18:56:27+03:00" level=info msg=62ed3dabf683f1b431f5de5b func="%s()main.main" file="%s%dapp.goC:/Users/Иван/GolandProjects/restapi/cmd/main/app.go"
time="2022-08-05T19:23:25+03:00" level=info msg="я ебу собак" func="%s()main.main" file="%s%dapp.goC:/Users/Иван/GolandProjects/restapi/cmd/main/app.go"
time="2022-08-05T19:23:25+03:00" level=info msg="read app config" func="%s()restapi/cmd/iternal/config.GetConfig.func1" file="%s%dconfig.goC:/Users/Иван/GolandProjects/restapi/cmd/iternal/config/config.go"
time="2022-08-05T19:23:26+03:00" level=info msg="create user" func="%s()restapi/cmd/iternal/user/db.db.Create" file="%s%dmongodb.goC:/Users/Иван/GolandProjects/restapi/cmd/iternal/user/db/mongodb.go"
time="2022-08-05T19:23:26+03:00" level=debug msg="convert insertID" func="%s()restapi/cmd/iternal/user/db.db.Create" file="%s%dmongodb.goC:/Users/Иван/GolandProjects/restapi/cmd/iternal/user/db/mongodb.go"
time="2022-08-05T19:23:26+03:00" level=info msg=62ed43fe5d709e5b4f3ae8d8 func="%s()main.main" file="%s%dapp.goC:/Users/Иван/GolandProjects/restapi/cmd/main/app.go"
time="2022-08-05T19:23:26+03:00" level=info msg="create user" func="%s()restapi/cmd/iternal/user/db.db.Create" file="%s%dmongodb.goC:/Users/Иван/GolandProjects/restapi/cmd/iternal/user/db/mongodb.go"
time="2022-08-05T19:23:26+03:00" level=debug msg="convert insertID" func="%s()restapi/cmd/iternal/user/db.db.Create" file="%s%dmongodb.goC:/Users/Иван/GolandProjects/restapi/cmd/iternal/user/db/mongodb.go"
time="2022-08-05T19:23:26+03:00" level=info msg=62ed43fe5d709e5b4f3ae8d9 func="%s()main.main" file="%s%dapp.goC:/Users/Иван/GolandProjects/restapi/cmd/main/app.go"
time="2022-08-05T19:25:23+03:00" level=info msg="я ебу собак" func="%s()main.main" file="%s%dapp.goC:/Users/Иван/GolandProjects/restapi/cmd/main/app.go"
time="2022-08-05T19:25:23+03:00" level=info msg="read app config" func="%s()restapi/cmd/iternal/config.GetConfig.func1" file="%s%dconfig.goC:/Users/Иван/GolandProjects/restapi/cmd/iternal/config/config.go"
time="2022-08-05T19:25:24+03:00" level=info msg="create user" func="%s()restapi/cmd/iternal/user/db.db.Create" file="%s%dmongodb.goC:/Users/Иван/GolandProjects/restapi/cmd/iternal/user/db/mongodb.go"
time="2022-08-05T19:25:24+03:00" level=debug msg="convert insertID" func="%s()restapi/cmd/iternal/user/db.db.Create" file="%s%dmongodb.goC:/Users/Иван/GolandProjects/restapi/cmd/iternal/user/db/mongodb.go"
time="2022-08-05T19:25:24+03:00" level=info msg=62ed44747740310374b26030 func="%s()main.main" file="%s%dapp.goC:/Users/Иван/GolandProjects/restapi/cmd/main/app.go"
time="2022-08-05T19:25:24+03:00" level=info msg="create user" func="%s()restapi/cmd/iternal/user/db.db.Create" file="%s%dmongodb.goC:/Users/Иван/GolandProjects/restapi/cmd/iternal/user/db/mongodb.go"
time="2022-08-05T19:25:24+03:00" level=debug msg="convert insertID" func="%s()restapi/cmd/iternal/user/db.db.Create" file="%s%dmongodb.goC:/Users/Иван/GolandProjects/restapi/cmd/iternal/user/db/mongodb.go"
time="2022-08-05T19:25:24+03:00" level=info msg=62ed44747740310374b26031 func="%s()main.main" file="%s%dapp.goC:/Users/Иван/GolandProjects/restapi/cmd/main/app.go"
time="2022-08-05T19:27:15+03:00" level=info msg="я ебу собак" func="%s()main.main" file="%s%dapp.goC:/Users/Иван/GolandProjects/restapi/cmd/main/app.go"
time="2022-08-05T19:27:15+03:00" level=info msg="read app config" func="%s()restapi/cmd/iternal/config.GetConfig.func1" file="%s%dconfig.goC:/Users/Иван/GolandProjects/restapi/cmd/iternal/config/config.go"
time="2022-08-05T19:27:15+03:00" level=info msg="create user" func="%s()restapi/cmd/iternal/user/db.db.Create" file="%s%dmongodb.goC:/Users/Иван/GolandProjects/restapi/cmd/iternal/user/db/mongodb.go"
time="2022-08-05T19:27:15+03:00" level=debug msg="convert insertID" func="%s()restapi/cmd/iternal/user/db.db.Create" file="%s%dmongodb.goC:/Users/Иван/GolandProjects/restapi/cmd/iternal/user/db/mongodb.go"
time="2022-08-05T19:27:15+03:00" level=info msg=62ed44e31f563f3d186e2f2d func="%s()main.main" file="%s%dapp.goC:/Users/Иван/GolandProjects/restapi/cmd/main/app.go"
time="2022-08-05T19:27:15+03:00" level=info msg="create user" func="%s()restapi/cmd/iternal/user/db.db.Create" file="%s%dmongodb.goC:/Users/Иван/GolandProjects/restapi/cmd/iternal/user/db/mongodb.go"
time="2022-08-05T19:27:15+03:00" level=debug msg="convert insertID" func="%s()restapi/cmd/iternal/user/db.db.Create" file="%s%dmongodb.goC:/Users/Иван/GolandProjects/restapi/cmd/iternal/user/db/mongodb.go"
time="2022-08-05T19:27:15+03:00" level=info msg=62ed44e31f563f3d186e2f2e func="%s()main.main" file="%s%dapp.goC:/Users/Иван/GolandProjects/restapi/cmd/main/app.go"
time="2022-08-05T19:30:32+03:00" level=info msg="я ебу собак" func="%s()main.main" file="%s%dapp.goC:/Users/Иван/GolandProjects/restapi/cmd/main/app.go"
time="2022-08-05T19:30:32+03:00" level=info msg="read app config" func="%s()restapi/cmd/iternal/config.GetConfig.func1" file="%s%dconfig.goC:/Users/Иван/GolandProjects/restapi/cmd/iternal/config/config.go"
time="2022-08-05T19:30:33+03:00" level=info msg="create user" func="%s()restapi/cmd/iternal/user/db.db.Create" file="%s%dmongodb.goC:/Users/Иван/GolandProjects/restapi/cmd/iternal/user/db/mongodb.go"
time="2022-08-05T19:30:33+03:00" level=debug msg="convert insertID" func="%s()restapi/cmd/iternal/user/db.db.Create" file="%s%dmongodb.goC:/Users/Иван/GolandProjects/restapi/cmd/iternal/user/db/mongodb.go"
time="2022-08-05T19:30:33+03:00" level=info msg=62ed45a985f8bad0055f52ca func="%s()main.main" file="%s%dapp.goC:/Users/Иван/GolandProjects/restapi/cmd/main/app.go"
time="2022-08-05T19:30:33+03:00" level=info msg="create user" func="%s()restapi/cmd/iternal/user/db.db.Create" file="%s%dmongodb.goC:/Users/Иван/GolandProjects/restapi/cmd/iternal/user/db/mongodb.go"
time="2022-08-05T19:30:33+03:00" level=debug msg="convert insertID" func="%s()restapi/cmd/iternal/user/db.db.Create" file="%s%dmongodb.goC:/Users/Иван/GolandProjects/restapi/cmd/iternal/user/db/mongodb.go"
time="2022-08-05T19:30:33+03:00" level=info msg=62ed45a985f8bad0055f52cb func="%s()main.main" file="%s%dapp.goC:/Users/Иван/GolandProjects/restapi/cmd/main/app.go"
time="2022-08-05T19:34:50+03:00" level=info msg="я ебу собак" func="%s()main.main" file="%s%dapp.goC:/Users/Иван/GolandProjects/restapi/cmd/main/app.go"
time="2022-08-05T19:34:50+03:00" level=info msg="read app config" func="%s()restapi/cmd/iternal/config.GetConfig.func1" file="%s%dconfig.goC:/Users/Иван/GolandProjects/restapi/cmd/iternal/config/config.go"
time="2022-08-05T19:34:50+03:00" level=info msg="create user" func="%s()restapi/cmd/iternal/user/db.db.Create" file="%s%dmongodb.goC:/Users/Иван/GolandProjects/restapi/cmd/iternal/user/db/mongodb.go"
time="2022-08-05T19:34:50+03:00" level=debug msg="convert insertID" func="%s()restapi/cmd/iternal/user/db.db.Create" file="%s%dmongodb.goC:/Users/Иван/GolandProjects/restapi/cmd/iternal/user/db/mongodb.go"
time="2022-08-05T19:34:50+03:00" level=info msg=62ed46aa15d0761e4ad20593 func="%s()main.main" file="%s%dapp.goC:/Users/Иван/GolandProjects/restapi/cmd/main/app.go"
time="2022-08-05T19:34:50+03:00" level=info msg="create user" func="%s()restapi/cmd/iternal/user/db.db.Create" file="%s%dmongodb.goC:/Users/Иван/GolandProjects/restapi/cmd/iternal/user/db/mongodb.go"
time="2022-08-05T19:34:50+03:00" level=debug msg="convert insertID" func="%s()restapi/cmd/iternal/user/db.db.Create" file="%s%dmongodb.goC:/Users/Иван/GolandProjects/restapi/cmd/iternal/user/db/mongodb.go"
time="2022-08-05T19:34:50+03:00" level=info msg=62ed46aa15d0761e4ad20594 func="%s()main.main" file="%s%dapp.goC:/Users/Иван/GolandProjects/restapi/cmd/main/app.go"
time="2022-08-05T19:39:39+03:00" level=info msg="я ебу собак" func="%s()main.main" file="%s%dapp.goC:/Users/Иван/GolandProjects/restapi/cmd/main/app.go"
time="2022-08-05T19:39:39+03:00" level=info msg="read app config" func="%s()restapi/cmd/iternal/config.GetConfig.func1" file="%s%dconfig.goC:/Users/Иван/GolandProjects/restapi/cmd/iternal/config/config.go"
time="2022-08-05T19:39:40+03:00" level=info msg="create user" func="%s()restapi/cmd/iternal/user/db.db.Create" file="%s%dmongodb.goC:/Users/Иван/GolandProjects/restapi/cmd/iternal/user/db/mongodb.go"
time="2022-08-05T19:39:40+03:00" level=debug msg="convert insertID" func="%s()restapi/cmd/iternal/user/db.db.Create" file="%s%dmongodb.goC:/Users/Иван/GolandProjects/restapi/cmd/iternal/user/db/mongodb.go"
time="2022-08-05T19:39:40+03:00" level=info msg=62ed47cc5b5905b08acd1070 func="%s()main.main" file="%s%dapp.goC:/Users/Иван/GolandProjects/restapi/cmd/main/app.go"
time="2022-08-05T19:39:40+03:00" level=info msg="create user" func="%s()restapi/cmd/iternal/user/db.db.Create" file="%s%dmongodb.goC:/Users/Иван/GolandProjects/restapi/cmd/iternal/user/db/mongodb.go"
time="2022-08-05T19:39:40+03:00" level=debug msg="convert insertID" func="%s()restapi/cmd/iternal/user/db.db.Create" file="%s%dmongodb.goC:/Users/Иван/GolandProjects/restapi/cmd/iternal/user/db/mongodb.go"
time="2022-08-05T19:39:40+03:00" level=info msg=62ed47cc5b5905b08acd1071 func="%s()main.main" file="%s%dapp.goC:/Users/Иван/GolandProjects/restapi/cmd/main/app.go"
time="2022-08-05T19:41:15+03:00" level=info msg="я ебу собак" func="%s()main.main" file="%s%dapp.goC:/Users/Иван/GolandProjects/restapi/cmd/main/app.go"
time="2022-08-05T19:41:15+03:00" level=info msg="read app config" func="%s()restapi/cmd/iternal/config.GetConfig.func1" file="%s%dconfig.goC:/Users/Иван/GolandProjects/restapi/cmd/iternal/config/config.go"
time="2022-08-05T19:41:15+03:00" level=info msg="create user" func="%s()restapi/cmd/iternal/user/db.db.Create" file="%s%dmongodb.goC:/Users/Иван/GolandProjects/restapi/cmd/iternal/user/db/mongodb.go"
time="2022-08-05T19:41:15+03:00" level=debug msg="convert insertID" func="%s()restapi/cmd/iternal/user/db.db.Create" file="%s%dmongodb.goC:/Users/Иван/GolandProjects/restapi/cmd/iternal/user/db/mongodb.go"
time="2022-08-05T19:41:15+03:00" level=info msg=62ed482bc31453114261bf4d func="%s()main.main" file="%s%dapp.goC:/Users/Иван/GolandProjects/restapi/cmd/main/app.go"
time="2022-08-05T19:41:15+03:00" level=info msg="create user" func="%s()restapi/cmd/iternal/user/db.db.Create" file="%s%dmongodb.goC:/Users/Иван/GolandProjects/restapi/cmd/iternal/user/db/mongodb.go"
time="2022-08-05T19:41:15+03:00" level=debug msg="convert insertID" func="%s()restapi/cmd/iternal/user/db.db.Create" file="%s%dmongodb.goC:/Users/Иван/GolandProjects/restapi/cmd/iternal/user/db/mongodb.go"
time="2022-08-05T19:41:15+03:00" level=info msg=62ed482bc31453114261bf4e func="%s()main.main" file="%s%dapp.goC:/Users/Иван/GolandProjects/restapi/cmd/main/app.go"
time="2022-08-05T19:55:23+03:00" level=info msg="я ебу собак" func="%s()main.main" file="%s%dapp.goC:/Users/Иван/GolandProjects/restapi/cmd/main/app.go"
time="2022-08-05T19:55:23+03:00" level=info msg="read app config" func="%s()restapi/cmd/iternal/config.GetConfig.func1" file="%s%dconfig.goC:/Users/Иван/GolandProjects/restapi/cmd/iternal/config/config.go"
time="2022-08-05T19:55:23+03:00" level=info msg="create user" func="%s()restapi/cmd/iternal/user/db.db.Create" file="%s%dmongodb.goC:/Users/Иван/GolandProjects/restapi/cmd/iternal/user/db/mongodb.go"
time="2022-08-05T19:55:23+03:00" level=debug msg="convert insertID" func="%s()restapi/cmd/iternal/user/db.db.Create" file="%s%dmongodb.goC:/Users/Иван/GolandProjects/restapi/cmd/iternal/user/db/mongodb.go"
time="2022-08-05T19:55:23+03:00" level=info msg=62ed4b7beb3da53a78b5b041 func="%s()main.main" file="%s%dapp.goC:/Users/Иван/GolandProjects/restapi/cmd/main/app.go"
time="2022-08-05T19:55:23+03:00" level=info msg="create user" func="%s()restapi/cmd/iternal/user/db.db.Create" file="%s%dmongodb.goC:/Users/Иван/GolandProjects/restapi/cmd/iternal/user/db/mongodb.go"
time="2022-08-05T19:55:23+03:00" level=debug msg="convert insertID" func="%s()restapi/cmd/iternal/user/db.db.Create" file="%s%dmongodb.goC:/Users/Иван/GolandProjects/restapi/cmd/iternal/user/db/mongodb.go"
time="2022-08-05T19:55:23+03:00" level=info msg=62ed4b7beb3da53a78b5b042 func="%s()main.main" file="%s%dapp.goC:/Users/Иван/GolandProjects/restapi/cmd/main/app.go"
time="2022-08-05T19:58:35+03:00" level=info msg="я ебу собак" func="%s()main.main" file="%s%dapp.goC:/Users/Иван/GolandProjects/restapi/cmd/main/app.go"
time="2022-08-05T19:58:35+03:00" level=info msg="read app config" func="%s()restapi/cmd/iternal/config.GetConfig.func1" file="%s%dconfig.goC:/Users/Иван/GolandProjects/restapi/cmd/iternal/config/config.go"
time="2022-08-05T19:58:35+03:00" level=info msg="create user" func="%s()restapi/cmd/iternal/user/db.db.Create" file="%s%dmongodb.goC:/Users/Иван/GolandProjects/restapi/cmd/iternal/user/db/mongodb.go"
time="2022-08-05T19:58:35+03:00" level=debug msg="convert insertID" func="%s()restapi/cmd/iternal/user/db.db.Create" file="%s%dmongodb.goC:/Users/Иван/GolandProjects/restapi/cmd/iternal/user/db/mongodb.go"
time="2022-08-05T19:58:35+03:00" level=info msg=62ed4c3baa9f74e8ccaea60e func="%s()main.main" file="%s%dapp.goC:/Users/Иван/GolandProjects/restapi/cmd/main/app.go"
time="2022-08-05T19:58:35+03:00" level=info msg="create user" func="%s()restapi/cmd/iternal/user/db.db.Create" file="%s%dmongodb.goC:/Users/Иван/GolandProjects/restapi/cmd/iternal/user/db/mongodb.go"
time="2022-08-05T19:58:35+03:00" level=debug msg="convert insertID" func="%s()restapi/cmd/iternal/user/db.db.Create" file="%s%dmongodb.goC:/Users/Иван/GolandProjects/restapi/cmd/iternal/user/db/mongodb.go"
time="2022-08-05T19:58:35+03:00" level=info msg=62ed4c3baa9f74e8ccaea60f func="%s()main.main" file="%s%dapp.goC:/Users/Иван/GolandProjects/restapi/cmd/main/app.go"
time="2022-08-05T20:22:06+03:00" level=info msg="я ебу собак" func="%s()main.main" file="%s%dapp.goC:/Users/Иван/GolandProjects/restapi/cmd/main/app.go"
time="2022-08-05T20:22:06+03:00" level=info msg="read app config" func="%s()restapi/cmd/iternal/config.GetConfig.func1" file="%s%dconfig.goC:/Users/Иван/GolandProjects/restapi/cmd/iternal/config/config.go"
time="2022-08-05T20:22:07+03:00" level=info msg="create user" func="%s()restapi/cmd/iternal/user/db.db.Create" file="%s%dmongodb.goC:/Users/Иван/GolandProjects/restapi/cmd/iternal/user/db/mongodb.go"
time="2022-08-05T20:22:07+03:00" level=debug msg="convert insertID" func="%s()restapi/cmd/iternal/user/db.db.Create" file="%s%dmongodb.goC:/Users/Иван/GolandProjects/restapi/cmd/iternal/user/db/mongodb.go"
time="2022-08-05T20:22:07+03:00" level=info msg=62ed51bfc1fde849f2720ce9 func="%s()main.main" file="%s%dapp.goC:/Users/Иван/GolandProjects/restapi/cmd/main/app.go"
time="2022-08-05T20:22:07+03:00" level=info msg="create user" func="%s()restapi/cmd/iternal/user/db.db.Create" file="%s%dmongodb.goC:/Users/Иван/GolandProjects/restapi/cmd/iternal/user/db/mongodb.go"
time="2022-08-05T20:22:07+03:00" level=debug msg="convert insertID" func="%s()restapi/cmd/iternal/user/db.db.Create" file="%s%dmongodb.goC:/Users/Иван/GolandProjects/restapi/cmd/iternal/user/db/mongodb.go"
time="2022-08-05T20:22:07+03:00" level=info msg=62ed51bfc1fde849f2720cea func="%s()main.main" file="%s%dapp.goC:/Users/Иван/GolandProjects/restapi/cmd/main/app.go"
time="2022-08-05T20:22:07+03:00" level=trace msg="matched 1%!(EXTRA int64=1)" func="%s()restapi/cmd/iternal/user/db.db.UPDATEOne" file="%s%dmongodb.goC:/Users/Иван/GolandProjects/restapi/cmd/iternal/user/db/mongodb.go"
time="2022-08-05T20:22:07+03:00" level=trace msg="matched 1" func="%s()restapi/cmd/iternal/user/db.db.DELETEOne" file="%s%dmongodb.goC:/Users/Иван/GolandProjects/restapi/cmd/iternal/user/db/mongodb.go"
time="2022-08-05T20:50:54+03:00" level=info msg="я ебу собак" func="%s()main.main" file="%s%dapp.goC:/Users/Иван/GolandProjects/restapi/cmd/main/app.go"
time="2022-08-05T20:50:54+03:00" level=info msg="read app config" func="%s()restapi/cmd/iternal/config.GetConfig.func1" file="%s%dconfig.goC:/Users/Иван/GolandProjects/restapi/cmd/iternal/config/config.go"
time="2022-08-05T20:54:11+03:00" level=info msg="я ебу собак" func="%s()main.main" file="%s%dapp.goC:/Users/Иван/GolandProjects/restapi/cmd/main/app.go"
time="2022-08-05T20:54:11+03:00" level=info msg="read app config" func="%s()restapi/cmd/iternal/config.GetConfig.func1" file="%s%dconfig.goC:/Users/Иван/GolandProjects/restapi/cmd/iternal/config/config.go"
time="2022-08-05T20:54:12+03:00" level=info msg="register user handler" func="%s()main.main" file="%s%dapp.goC:/Users/Иван/GolandProjects/restapi/cmd/main/app.go"
time="2022-08-05T20:54:12+03:00" level=info msg="start app" func="%s()main.start" file="%s%dapp.goC:/Users/Иван/GolandProjects/restapi/cmd/main/app.go"
time="2022-08-05T20:54:12+03:00" level=info msg="creating socket" func="%s()main.start" file="%s%dapp.goC:/Users/Иван/GolandProjects/restapi/cmd/main/app.go"
time="2022-08-05T20:54:12+03:00" level=info msg="create unix socket" func="%s()main.start" file="%s%dapp.goC:/Users/Иван/GolandProjects/restapi/cmd/main/app.go"
time="2022-08-05T20:54:12+03:00" level=info msg="listen unix socket" func="%s()main.start" file="%s%dapp.goC:/Users/Иван/GolandProjects/restapi/cmd/main/app.go"
time="2022-08-05T20:54:12+03:00" level=info msg="server is listening unix socket :C:\\Users\\Иван\\GolandProjects\\restapi\\build/app.sock" func="%s()main.start" file="%s%dapp.goC:/Users/Иван/GolandProjects/restapi/cmd/main/app.go"
time="2022-08-05T20:54:51+03:00" level=info msg="я ебу собак" func="%s()main.main" file="%s%dapp.goC:/Users/Иван/GolandProjects/restapi/cmd/main/app.go"
time="2022-08-05T20:54:51+03:00" level=info msg="read app config" func="%s()restapi/cmd/iternal/config.GetConfig.func1" file="%s%dconfig.goC:/Users/Иван/GolandProjects/restapi/cmd/iternal/config/config.go"
time="2022-08-05T21:07:35+03:00" level=info msg="я ебу собак" func="%s()main.main" file="%s%dapp.goC:/Users/Иван/GolandProjects/restapi/cmd/main/app.go"
time="2022-08-05T21:07:35+03:00" level=info msg="read app config" func="%s()restapi/cmd/iternal/config.GetConfig.func1" file="%s%dconfig.goC:/Users/Иван/GolandProjects/restapi/cmd/iternal/config/config.go"
time="2022-08-05T21:07:35+03:00" level=info msg="register user handler" func="%s()main.main" file="%s%dapp.goC:/Users/Иван/GolandProjects/restapi/cmd/main/app.go"
time="2022-08-05T21:07:35+03:00" level=info msg="start app" func="%s()main.start" file="%s%dapp.goC:/Users/Иван/GolandProjects/restapi/cmd/main/app.go"
time="2022-08-05T21:07:35+03:00" level=info msg="listen tcp" func="%s()main.start" file="%s%dapp.goC:/Users/Иван/GolandProjects/restapi/cmd/main/app.go"
time="2022-08-05T21:07:35+03:00" level=info msg="server listening port 127.0.0.1:10000" func="%s()main.start" file="%s%dapp.goC:/Users/Иван/GolandProjects/restapi/cmd/main/app.go"
time="2022-08-07T18:20:32+03:00" level=info msg="я ебу собак" func="%s()main.main" file="%s%dapp.goC:/Users/Иван/GolandProjects/restapi/cmd/main/app.go"
time="2022-08-07T18:20:32+03:00" level=info msg="read app config" func="%s()restapi/cmd/iternal/config.GetConfig.func1" file="%s%dconfig.goC:/Users/Иван/GolandProjects/restapi/cmd/iternal/config/config.go"
time="2022-08-07T18:20:32+03:00" level=info msg="register user handler" func="%s()main.main" file="%s%dapp.goC:/Users/Иван/GolandProjects/restapi/cmd/main/app.go"
time="2022-08-07T18:20:32+03:00" level=info msg="start app" func="%s()main.start" file="%s%dapp.goC:/Users/Иван/GolandProjects/restapi/cmd/main/app.go"
time="2022-08-07T18:20:32+03:00" level=info msg="listen tcp" func="%s()main.start" file="%s%dapp.goC:/Users/Иван/GolandProjects/restapi/cmd/main/app.go"
time="2022-08-07T18:20:32+03:00" level=info msg="server listening port 127.0.0.1:10000" func="%s()main.start" file="%s%dapp.goC:/Users/Иван/GolandProjects/restapi/cmd/main/app.go"
time="2022-08-07T18:22:47+03:00" level=info msg="я ебу собак" func="%s()main.main" file="%s%dapp.goC:/Users/Иван/GolandProjects/restapi/cmd/main/app.go"
time="2022-08-07T18:22:47+03:00" level=info msg="read app config" func="%s()restapi/cmd/iternal/config.GetConfig.func1" file="%s%dconfig.goC:/Users/Иван/GolandProjects/restapi/cmd/iternal/config/config.go"
time="2022-08-07T18:22:47+03:00" level=info msg="register user handler" func="%s()main.main" file="%s%dapp.goC:/Users/Иван/GolandProjects/restapi/cmd/main/app.go"
time="2022-08-07T18:22:47+03:00" level=info msg="start app" func="%s()main.start" file="%s%dapp.goC:/Users/Иван/GolandProjects/restapi/cmd/main/app.go"
time="2022-08-07T18:22:47+03:00" level=info msg="listen tcp" func="%s()main.start" file="%s%dapp.goC:/Users/Иван/GolandProjects/restapi/cmd/main/app.go"
time="2022-08-07T18:22:47+03:00" level=info msg="server listening port 127.0.0.1:10000" func="%s()main.start" file="%s%dapp.goC:/Users/Иван/GolandProjects/restapi/cmd/main/app.go"
